Using pre-set license
Built from '2020.2/china_unity/release' branch; Version is '2020.2.1f1c1 (252d8215dd99) revision 2436482'; Using compiler version '192528614'; Build Type 'Release'
OS: 'Windows 10  (10.0.0) 64bit' Language: 'zh' Physical Memory: 16300 MB
BatchMode: 1, IsHumanControllingUs: 0, StartBugReporterOnCrash: 0, Is64bit: 1, IsPro: 0

 COMMAND LINE ARGUMENTS:
C:\Program Files\Unity\Hub\Editor\2020.2.1f1c1\Editor\Unity.exe
-adb2
-batchMode
-noUpm
-name
AssetImportWorker0
-projectPath
D:/Dreamer/Unity/Rollaball
-logFile
Logs/AssetImportWorker0.log
-srvPort
54736
Successfully changed project path to: D:/Dreamer/Unity/Rollaball
D:/Dreamer/Unity/Rollaball
Using Asset Import Pipeline V2.
Refreshing native plugins compatible for Editor in 38.35 ms, found 0 plugins.
Preloading 0 native plugins for Editor in 0.00 ms.
Initialize engine version: 2020.2.1f1c1 (252d8215dd99)
[Subsystems] Discovering subsystems at path C:/Program Files/Unity/Hub/Editor/2020.2.1f1c1/Editor/Data/Resources/UnitySubsystems
[Subsystems] Discovering subsystems at path D:/Dreamer/Unity/Rollaball/Assets
GfxDevice: creating device client; threaded=0
Direct3D:
    Version:  Direct3D 11.0 [level 11.1]
    Renderer: NVIDIA GeForce RTX 3070 (ID=0x2484)
    Vendor:   
    VRAM:     8043 MB
    Driver:   27.21.14.6172
Shader 'Universal Render Pipeline/Particles/Lit': fallback shader 'Universal Render Pipeline/Particles/SimpleLit' not found
Initialize mono
Mono path[0] = 'C:/Program Files/Unity/Hub/Editor/2020.2.1f1c1/Editor/Data/Managed'
Mono path[1] = 'C:/Program Files/Unity/Hub/Editor/2020.2.1f1c1/Editor/Data/MonoBleedingEdge/lib/mono/unityjit'
Mono config path = 'C:/Program Files/Unity/Hub/Editor/2020.2.1f1c1/Editor/Data/MonoBleedingEdge/etc'
Using monoOptions --debugger-agent=transport=dt_socket,embedding=1,server=y,suspend=n,address=127.0.0.1:56412
Begin MonoManager ReloadAssembly
Registering precompiled unity dll's ...
Register platform support module: C:/Program Files/Unity/Hub/Editor/2020.2.1f1c1/Editor/Data/PlaybackEngines/WindowsStandaloneSupport/UnityEditor.WindowsStandalone.Extensions.dll
Registered in 0.001146 seconds.
Native extension for WindowsStandalone target not found
Refreshing native plugins compatible for Editor in 35.85 ms, found 0 plugins.
Preloading 0 native plugins for Editor in 0.00 ms.
Invoked RoslynAnalysisRunner static constructor.
RoslynAnalysisRunner will not be running.
RoslynAnalysisRunner has terminated.
Mono: successfully reloaded assembly
- Completed reload, in  1.332 seconds
Platform modules already initialized, skipping
Registering precompiled user dll's ...
Registered in 0.000762 seconds.
Begin MonoManager ReloadAssembly
Native extension for WindowsStandalone target not found
Refreshing native plugins compatible for Editor in 35.58 ms, found 0 plugins.
Preloading 0 native plugins for Editor in 0.00 ms.
Invoked RoslynAnalysisRunner static constructor.
RoslynAnalysisRunner will not be running.
RoslynAnalysisRunner has terminated.
Mono: successfully reloaded assembly
- Completed reload, in  0.718 seconds
Platform modules already initialized, skipping
========================================================================
Worker process is ready to serve import requests
Shader 'Universal Render Pipeline/Particles/Lit': fallback shader 'Universal Render Pipeline/Particles/SimpleLit' not found
Launched and connected shader compiler UnityShaderCompiler.exe after 0.03 seconds
Refreshing native plugins compatible for Editor in 0.38 ms, found 0 plugins.
Preloading 0 native plugins for Editor in 0.00 ms.
Unloading 2392 Unused Serialized files (Serialized files now loaded: 0)
System memory in use before: 115.0 MB.
System memory in use after: 115.2 MB.

Unloading 10 unused Assets to reduce memory usage. Loaded Objects now: 2834.
Total: 2.361200 ms (FindLiveObjects: 0.348200 ms CreateObjectMapping: 0.136100 ms MarkObjects: 1.825900 ms  DeleteObjects: 0.050200 ms)

========================================================================
Received Import Request.
  path: Assets/Materials
  artifactKey: Guid(5963446a644983447a51508e623610dc) Importer(815301076,1909f56bfc062723c751e8b465ee728b)
Start importing Assets/Materials using Guid(5963446a644983447a51508e623610dc) Importer(815301076,1909f56bfc062723c751e8b465ee728b)  -> (artifact id: '5bda27bedc0222abbcd5c96426acbcf0') in 0.004561 seconds
  Import took 0.007853 seconds .

========================================================================
Received Import Request.
  Time since last request: 31.100760 seconds.
  path: Assets/Materials/Background.mat
  artifactKey: Guid(0217b3309cece244b9dc296ba3d7637f) Importer(815301076,1909f56bfc062723c751e8b465ee728b)
Start importing Assets/Materials/Background.mat using Guid(0217b3309cece244b9dc296ba3d7637f) Importer(815301076,1909f56bfc062723c751e8b465ee728b)  -> (artifact id: 'f3b2b097e534a7505c1639ef026e2aa7') in 0.172303 seconds
  Import took 0.175690 seconds .

========================================================================
Received Import Request.
  Time since last request: 228.718692 seconds.
  path: Assets/Materials/Background.mat
  artifactKey: Guid(0217b3309cece244b9dc296ba3d7637f) Importer(815301076,1909f56bfc062723c751e8b465ee728b)
Start importing Assets/Materials/Background.mat using Guid(0217b3309cece244b9dc296ba3d7637f) Importer(815301076,1909f56bfc062723c751e8b465ee728b)  -> (artifact id: 'f4d447244c735d68c494e615cddd877f') in 0.006020 seconds
  Import took 0.009672 seconds .

========================================================================
Received Import Request.
  Time since last request: 445.131974 seconds.
  path: Assets/Materials/Player.mat
  artifactKey: Guid(f1fcc155704ac164496ea87d42605803) Importer(815301076,1909f56bfc062723c751e8b465ee728b)
Start importing Assets/Materials/Player.mat using Guid(f1fcc155704ac164496ea87d42605803) Importer(815301076,1909f56bfc062723c751e8b465ee728b)  -> (artifact id: '0911a3bcb87b9636a324cfb597d331f3') in 0.006761 seconds
  Import took 0.010653 seconds .

========================================================================
Received Import Request.
  Time since last request: 134.953038 seconds.
  path: Assets/Materials/Player.mat
  artifactKey: Guid(f1fcc155704ac164496ea87d42605803) Importer(815301076,1909f56bfc062723c751e8b465ee728b)
Start importing Assets/Materials/Player.mat using Guid(f1fcc155704ac164496ea87d42605803) Importer(815301076,1909f56bfc062723c751e8b465ee728b)  -> (artifact id: 'c3b797c177ec5b6b09141fbc721bb21f') in 0.006292 seconds
  Import took 0.009678 seconds .

========================================================================
Received Prepare
Registering precompiled user dll's ...
Registered in 0.000909 seconds.
Begin MonoManager ReloadAssembly
Native extension for WindowsStandalone target not found
Refreshing native plugins compatible for Editor in 36.65 ms, found 0 plugins.
Preloading 0 native plugins for Editor in 0.00 ms.
Invoked RoslynAnalysisRunner static constructor.
RoslynAnalysisRunner will not be running.
RoslynAnalysisRunner has terminated.
Mono: successfully reloaded assembly
- Completed reload, in  0.616 seconds
Platform modules already initialized, skipping
Shader 'Universal Render Pipeline/Particles/Lit': fallback shader 'Universal Render Pipeline/Particles/SimpleLit' not found
Refreshing native plugins compatible for Editor in 0.60 ms, found 0 plugins.
Preloading 0 native plugins for Editor in 0.00 ms.
Unloading 2578 Unused Serialized files (Serialized files now loaded: 0)
System memory in use before: 123.1 MB.
System memory in use after: 123.4 MB.

Unloading 50 unused Assets to reduce memory usage. Loaded Objects now: 3161.
Total: 1.735700 ms (FindLiveObjects: 0.229900 ms CreateObjectMapping: 0.089400 ms MarkObjects: 1.236200 ms  DeleteObjects: 0.179400 ms)

AssetImportWorkerClient::OnTransportError - code=2 error=End of file
